# JRE version: Java(TM) SE Runtime Environment (8.0_60-b27) (build 1.8.0_60-b27)
# Java VM: Java HotSpot(TM) 64-Bit Server VM (25.60-b23 mixed mode linux-amd64 compressed oops)
Heap:
 PSYoungGen      total 267776K, used 34290K [0x00000000eab00000, 0x0000000100000000, 0x0000000100000000)
  eden space 233472K, 0% used [0x00000000eab00000,0x00000000eab00000,0x00000000f8f00000)
  from space 34304K, 99% used [0x00000000f8f00000,0x00000000fb07c9f8,0x00000000fb080000)
  to   space 51200K, 0% used [0x00000000fce00000,0x00000000fce00000,0x0000000100000000)
 ParOldGen       total 81920K, used 76226K [0x00000000c0000000, 0x00000000c5000000, 0x00000000eab00000)
  object space 81920K, 93% used [0x00000000c0000000,0x00000000c4a70bd8,0x00000000c5000000)
 Metaspace       used 6113K, capacity 7216K, committed 7296K, reserved 1056768K
  class space    used 576K, capacity 616K, committed 640K, reserved 1048576K
GC Heap History (10 events):
Event: 3.456 GC heap after
Heap after GC invocations=5 (full 0):
 PSYoungGen      total 66560K, used 5119K [0x00000000eab00000, 0x00000000f3e00000, 0x0000000100000000)
  eden space 61440K, 0% used [0x00000000eab00000,0x00000000eab00000,0x00000000ee700000)
  from space 5120K, 99% used [0x00000000ee700000,0x00000000eebffce0,0x00000000eec00000)
  to   space 13824K, 0% used [0x00000000f3080000,0x00000000f3080000,0x00000000f3e00000)
 ParOldGen       total 81920K, used 22151K [0x00000000c0000000, 0x00000000c5000000, 0x00000000eab00000)
  object space 81920K, 27% used [0x00000000c0000000,0x00000000c15a1ec0,0x00000000c5000000)
 Metaspace       used 5957K, capacity 7088K, committed 7296K, reserved 1056768K
  class space    used 575K, capacity 616K, committed 640K, reserved 1048576K
}
Event: 3.984 GC heap before
{Heap before GC invocations=6 (full 0):
 PSYoungGen      total 66560K, used 66559K [0x00000000eab00000, 0x00000000f3e00000, 0x0000000100000000)
  eden space 61440K, 100% used [0x00000000eab00000,0x00000000ee700000,0x00000000ee700000)
  from space 5120K, 99% used [0x00000000ee700000,0x00000000eebffce0,0x00000000eec00000)
  to   space 13824K, 0% used [0x00000000f3080000,0x00000000f3080000,0x00000000f3e00000)
 ParOldGen       total 81920K, used 22151K [0x00000000c0000000, 0x00000000c5000000, 0x00000000eab00000)
  object space 81920K, 27% used [0x00000000c0000000,0x00000000c15a1ec0,0x00000000c5000000)
 Metaspace       used 5991K, capacity 7088K, committed 7296K, reserved 1056768K
  class space    used 575K, capacity 616K, committed 640K, reserved 1048576K
Event: 4.021 GC heap after
Heap after GC invocations=6 (full 0):
 PSYoungGen      total 134144K, used 13795K [0x00000000eab00000, 0x00000000f4300000, 0x0000000100000000)
  eden space 120320K, 0% used [0x00000000eab00000,0x00000000eab00000,0x00000000f2080000)
  from space 13824K, 99% used [0x00000000f3080000,0x00000000f3df8e90,0x00000000f3e00000)
  to   space 16384K, 0% used [0x00000000f2080000,0x00000000f2080000,0x00000000f3080000)
 ParOldGen       total 81920K, used 23608K [0x00000000c0000000, 0x00000000c5000000, 0x00000000eab00000)
  object space 81920K, 28% used [0x00000000c0000000,0x00000000c170e300,0x00000000c5000000)
 Metaspace       used 5991K, capacity 7088K, committed 7296K, reserved 1056768K
  class space    used 575K, capacity 616K, committed 640K, reserved 1048576K
}
Event: 5.262 GC heap before
{Heap before GC invocations=7 (full 0):
 PSYoungGen      total 134144K, used 134115K [0x00000000eab00000, 0x00000000f4300000, 0x0000000100000000)
  eden space 120320K, 100% used [0x00000000eab00000,0x00000000f2080000,0x00000000f2080000)
  from space 13824K, 99% used [0x00000000f3080000,0x00000000f3df8e90,0x00000000f3e00000)
  to   space 16384K, 0% used [0x00000000f2080000,0x00000000f2080000,0x00000000f3080000)
 ParOldGen       total 81920K, used 23608K [0x00000000c0000000, 0x00000000c5000000, 0x00000000eab00000)
  object space 81920K, 28% used [0x00000000c0000000,0x00000000c170e300,0x00000000c5000000)
 Metaspace       used 6066K, capacity 7152K, committed 7296K, reserved 1056768K
  class space    used 576K, capacity 616K, committed 640K, reserved 1048576K
Event: 5.342 GC heap after
Heap after GC invocations=7 (full 0):
 PSYoungGen      total 136704K, used 16367K [0x00000000eab00000, 0x00000000fcb00000, 0x0000000100000000)
  eden space 120320K, 0% used [0x00000000eab00000,0x00000000eab00000,0x00000000f2080000)
  from space 16384K, 99% used [0x00000000f2080000,0x00000000f307bfc0,0x00000000f3080000)
  to   space 27136K, 0% used [0x00000000fb080000,0x00000000fb080000,0x00000000fcb00000)
 ParOldGen       total 81920K, used 40598K [0x00000000c0000000, 0x00000000c5000000, 0x00000000eab00000)
  object space 81920K, 49% used [0x00000000c0000000,0x00000000c27a5ba8,0x00000000c5000000)
 Metaspace       used 6066K, capacity 7152K, committed 7296K, reserved 1056768K
  class space    used 576K, capacity 616K, committed 640K, reserved 1048576K
}
Event: 6.395 GC heap before
{Heap before GC invocations=8 (full 0):
 PSYoungGen      total 136704K, used 136687K [0x00000000eab00000, 0x00000000fcb00000, 0x0000000100000000)
  eden space 120320K, 100% used [0x00000000eab00000,0x00000000f2080000,0x00000000f2080000)
  from space 16384K, 99% used [0x00000000f2080000,0x00000000f307bfc0,0x00000000f3080000)
  to   space 27136K, 0% used [0x00000000fb080000,0x00000000fb080000,0x00000000fcb00000)
 ParOldGen       total 81920K, used 40598K [0x00000000c0000000, 0x00000000c5000000, 0x00000000eab00000)
  object space 81920K, 49% used [0x00000000c0000000,0x00000000c27a5ba8,0x00000000c5000000)
 Metaspace       used 6085K, capacity 7152K, committed 7296K, reserved 1056768K
  class space    used 576K, capacity 616K, committed 640K, reserved 1048576K
Event: 6.493 GC heap after
Heap after GC invocations=8 (full 0):
 PSYoungGen      total 260608K, used 27124K [0x00000000eab00000, 0x00000000fd900000, 0x0000000100000000)
  eden space 233472K, 0% used [0x00000000eab00000,0x00000000eab00000,0x00000000f8f00000)
  from space 27136K, 99% used [0x00000000fb080000,0x00000000fcafd2b8,0x00000000fcb00000)
  to   space 34304K, 0% used [0x00000000f8f00000,0x00000000f8f00000,0x00000000fb080000)
 ParOldGen       total 81920K, used 47408K [0x00000000c0000000, 0x00000000c5000000, 0x00000000eab00000)
  object space 81920K, 57% used [0x00000000c0000000,0x00000000c2e4c1a0,0x00000000c5000000)
 Metaspace       used 6085K, capacity 7152K, committed 7296K, reserved 1056768K
  class space    used 576K, capacity 616K, committed 640K, reserved 1048576K
}
Event: 8.163 GC heap before
{Heap before GC invocations=9 (full 0):
 PSYoungGen      total 260608K, used 260596K [0x00000000eab00000, 0x00000000fd900000, 0x0000000100000000)
  eden space 233472K, 100% used [0x00000000eab00000,0x00000000f8f00000,0x00000000f8f00000)
  from space 27136K, 99% used [0x00000000fb080000,0x00000000fcafd2b8,0x00000000fcb00000)
  to   space 34304K, 0% used [0x00000000f8f00000,0x00000000f8f00000,0x00000000fb080000)
 ParOldGen       total 81920K, used 47408K [0x00000000c0000000, 0x00000000c5000000, 0x00000000eab00000)
  object space 81920K, 57% used [0x00000000c0000000,0x00000000c2e4c1a0,0x00000000c5000000)
 Metaspace       used 6113K, capacity 7216K, committed 7296K, reserved 1056768K
  class space    used 576K, capacity 616K, committed 640K, reserved 1048576K
Event: 8.299 GC heap after
Heap after GC invocations=9 (full 0):
 PSYoungGen      total 267776K, used 34290K [0x00000000eab00000, 0x0000000100000000, 0x0000000100000000)
  eden space 233472K, 0% used [0x00000000eab00000,0x00000000eab00000,0x00000000f8f00000)
  from space 34304K, 99% used [0x00000000f8f00000,0x00000000fb07c9f8,0x00000000fb080000)
  to   space 51200K, 0% used [0x00000000fce00000,0x00000000fce00000,0x0000000100000000)
 ParOldGen       total 81920K, used 76226K [0x00000000c0000000, 0x00000000c5000000, 0x00000000eab00000)
  object space 81920K, 93% used [0x00000000c0000000,0x00000000c4a70bd8,0x00000000c5000000)
 Metaspace       used 6113K, capacity 7216K, committed 7296K, reserved 1056768K
  class space    used 576K, capacity 616K, committed 640K, reserved 1048576K
}
Event: 8.299 GC heap before
{Heap before GC invocations=10 (full 1):
 PSYoungGen      total 267776K, used 34290K [0x00000000eab00000, 0x0000000100000000, 0x0000000100000000)
  eden space 233472K, 0% used [0x00000000eab00000,0x00000000eab00000,0x00000000f8f00000)
  from space 34304K, 99% used [0x00000000f8f00000,0x00000000fb07c9f8,0x00000000fb080000)
  to   space 51200K, 0% used [0x00000000fce00000,0x00000000fce00000,0x0000000100000000)
 ParOldGen       total 81920K, used 76226K [0x00000000c0000000, 0x00000000c5000000, 0x00000000eab00000)
  object space 81920K, 93% used [0x00000000c0000000,0x00000000c4a70bd8,0x00000000c5000000)
 Metaspace       used 6113K, capacity 7216K, committed 7296K, reserved 1056768K
  class space    used 576K, capacity 616K, committed 640K, reserved 1048576K

