# JRE version: Java(TM) SE Runtime Environment (8.0_60-b27) (build 1.8.0_60-b27)
# Java VM: Java HotSpot(TM) 64-Bit Server VM (25.60-b23 mixed mode linux-amd64 compressed oops)
Heap:
 PSYoungGen      total 232960K, used 170936K [0x00000000eab00000, 0x0000000100000000, 0x0000000100000000)
  eden space 116736K, 96% used [0x00000000eab00000,0x00000000f1895fe8,0x00000000f1d00000)
  from space 116224K, 50% used [0x00000000f8e80000,0x00000000fc7d82d8,0x0000000100000000)
  to   space 116224K, 0% used [0x00000000f1d00000,0x00000000f1d00000,0x00000000f8e80000)
 ParOldGen       total 432128K, used 312991K [0x00000000c0000000, 0x00000000da600000, 0x00000000eab00000)
  object space 432128K, 72% used [0x00000000c0000000,0x00000000d31a7f90,0x00000000da600000)
 Metaspace       used 6258K, capacity 7280K, committed 7552K, reserved 1056768K
  class space    used 584K, capacity 616K, committed 640K, reserved 1048576K
GC Heap History (10 events):
Event: 24.109 GC heap before
{Heap before GC invocations=19 (full 2):
 PSYoungGen      total 223744K, used 215526K [0x00000000eab00000, 0x0000000100000000, 0x0000000100000000)
  eden space 116736K, 100% used [0x00000000eab00000,0x00000000f1d00000,0x00000000f1d00000)
  from space 107008K, 92% used [0x00000000f9780000,0x00000000ff7f9b68,0x0000000100000000)
  to   space 116224K, 0% used [0x00000000f1d00000,0x00000000f1d00000,0x00000000f8e80000)
 ParOldGen       total 282624K, used 198843K [0x00000000c0000000, 0x00000000d1400000, 0x00000000eab00000)
  object space 282624K, 70% used [0x00000000c0000000,0x00000000cc22ec98,0x00000000d1400000)
 Metaspace       used 6149K, capacity 7216K, committed 7296K, reserved 1056768K
  class space    used 578K, capacity 616K, committed 640K, reserved 1048576K
Event: 24.253 GC heap after
Heap after GC invocations=19 (full 2):
 PSYoungGen      total 232960K, used 83680K [0x00000000eab00000, 0x0000000100000000, 0x0000000100000000)
  eden space 116736K, 0% used [0x00000000eab00000,0x00000000eab00000,0x00000000f1d00000)
  from space 116224K, 71% used [0x00000000f1d00000,0x00000000f6eb8260,0x00000000f8e80000)
  to   space 116224K, 0% used [0x00000000f8e80000,0x00000000f8e80000,0x0000000100000000)
 ParOldGen       total 282624K, used 221469K [0x00000000c0000000, 0x00000000d1400000, 0x00000000eab00000)
  object space 282624K, 78% used [0x00000000c0000000,0x00000000cd8475c8,0x00000000d1400000)
 Metaspace       used 6149K, capacity 7216K, committed 7296K, reserved 1056768K
  class space    used 578K, capacity 616K, committed 640K, reserved 1048576K
}
Event: 24.785 GC heap before
{Heap before GC invocations=20 (full 2):
 PSYoungGen      total 232960K, used 200416K [0x00000000eab00000, 0x0000000100000000, 0x0000000100000000)
  eden space 116736K, 100% used [0x00000000eab00000,0x00000000f1d00000,0x00000000f1d00000)
  from space 116224K, 71% used [0x00000000f1d00000,0x00000000f6eb8260,0x00000000f8e80000)
  to   space 116224K, 0% used [0x00000000f8e80000,0x00000000f8e80000,0x0000000100000000)
 ParOldGen       total 282624K, used 221469K [0x00000000c0000000, 0x00000000d1400000, 0x00000000eab00000)
  object space 282624K, 78% used [0x00000000c0000000,0x00000000cd8475c8,0x00000000d1400000)
 Metaspace       used 6149K, capacity 7216K, committed 7296K, reserved 1056768K
  class space    used 578K, capacity 616K, committed 640K, reserved 1048576K
Event: 24.900 GC heap after
Heap after GC invocations=20 (full 2):
 PSYoungGen      total 232960K, used 69988K [0x00000000eab00000, 0x0000000100000000, 0x0000000100000000)
  eden space 116736K, 0% used [0x00000000eab00000,0x00000000eab00000,0x00000000f1d00000)
  from space 116224K, 60% used [0x00000000f8e80000,0x00000000fd2d9048,0x0000000100000000)
  to   space 116224K, 0% used [0x00000000f1d00000,0x00000000f1d00000,0x00000000f8e80000)
 ParOldGen       total 282624K, used 244018K [0x00000000c0000000, 0x00000000d1400000, 0x00000000eab00000)
  object space 282624K, 86% used [0x00000000c0000000,0x00000000cee4c990,0x00000000d1400000)
 Metaspace       used 6149K, capacity 7216K, committed 7296K, reserved 1056768K
  class space    used 578K, capacity 616K, committed 640K, reserved 1048576K
}
Event: 24.900 GC heap before
{Heap before GC invocations=21 (full 3):
 PSYoungGen      total 232960K, used 69988K [0x00000000eab00000, 0x0000000100000000, 0x0000000100000000)
  eden space 116736K, 0% used [0x00000000eab00000,0x00000000eab00000,0x00000000f1d00000)
  from space 116224K, 60% used [0x00000000f8e80000,0x00000000fd2d9048,0x0000000100000000)
  to   space 116224K, 0% used [0x00000000f1d00000,0x00000000f1d00000,0x00000000f8e80000)
 ParOldGen       total 282624K, used 244018K [0x00000000c0000000, 0x00000000d1400000, 0x00000000eab00000)
  object space 282624K, 86% used [0x00000000c0000000,0x00000000cee4c990,0x00000000d1400000)
 Metaspace       used 6149K, capacity 7216K, committed 7296K, reserved 1056768K
  class space    used 578K, capacity 616K, committed 640K, reserved 1048576K
Event: 27.132 GC heap after
Heap after GC invocations=21 (full 3):
 PSYoungGen      total 232960K, used 29814K [0x00000000eab00000, 0x0000000100000000, 0x0000000100000000)
  eden space 116736K, 0% used [0x00000000eab00000,0x00000000eab00000,0x00000000f1d00000)
  from space 116224K, 25% used [0x00000000f8e80000,0x00000000fab9da58,0x0000000100000000)
  to   space 116224K, 0% used [0x00000000f1d00000,0x00000000f1d00000,0x00000000f8e80000)
 ParOldGen       total 432128K, used 282143K [0x00000000c0000000, 0x00000000da600000, 0x00000000eab00000)
  object space 432128K, 65% used [0x00000000c0000000,0x00000000d1387e40,0x00000000da600000)
 Metaspace       used 6149K, capacity 7216K, committed 7296K, reserved 1056768K
  class space    used 578K, capacity 616K, committed 640K, reserved 1048576K
}
Event: 27.692 GC heap before
{Heap before GC invocations=22 (full 3):
 PSYoungGen      total 232960K, used 146550K [0x00000000eab00000, 0x0000000100000000, 0x0000000100000000)
  eden space 116736K, 100% used [0x00000000eab00000,0x00000000f1d00000,0x00000000f1d00000)
  from space 116224K, 25% used [0x00000000f8e80000,0x00000000fab9da58,0x0000000100000000)
  to   space 116224K, 0% used [0x00000000f1d00000,0x00000000f1d00000,0x00000000f8e80000)
 ParOldGen       total 432128K, used 282143K [0x00000000c0000000, 0x00000000da600000, 0x00000000eab00000)
  object space 432128K, 65% used [0x00000000c0000000,0x00000000d1387e40,0x00000000da600000)
 Metaspace       used 6149K, capacity 7216K, committed 7296K, reserved 1056768K
  class space    used 578K, capacity 616K, committed 640K, reserved 1048576K
Event: 27.879 GC heap after
Heap after GC invocations=22 (full 3):
 PSYoungGen      total 232960K, used 76097K [0x00000000eab00000, 0x0000000100000000, 0x0000000100000000)
  eden space 116736K, 0% used [0x00000000eab00000,0x00000000eab00000,0x00000000f1d00000)
  from space 116224K, 65% used [0x00000000f1d00000,0x00000000f6750760,0x00000000f8e80000)
  to   space 116224K, 0% used [0x00000000f8e80000,0x00000000f8e80000,0x0000000100000000)
 ParOldGen       total 432128K, used 287405K [0x00000000c0000000, 0x00000000da600000, 0x00000000eab00000)
  object space 432128K, 66% used [0x00000000c0000000,0x00000000d18ab788,0x00000000da600000)
 Metaspace       used 6149K, capacity 7216K, committed 7296K, reserved 1056768K
  class space    used 578K, capacity 616K, committed 640K, reserved 1048576K
}
Event: 28.444 GC heap before
{Heap before GC invocations=23 (full 3):
 PSYoungGen      total 232960K, used 192833K [0x00000000eab00000, 0x0000000100000000, 0x0000000100000000)
  eden space 116736K, 100% used [0x00000000eab00000,0x00000000f1d00000,0x00000000f1d00000)
  from space 116224K, 65% used [0x00000000f1d00000,0x00000000f6750760,0x00000000f8e80000)
  to   space 116224K, 0% used [0x00000000f8e80000,0x00000000f8e80000,0x0000000100000000)
 ParOldGen       total 432128K, used 287405K [0x00000000c0000000, 0x00000000da600000, 0x00000000eab00000)
  object space 432128K, 66% used [0x00000000c0000000,0x00000000d18ab788,0x00000000da600000)
 Metaspace       used 6150K, capacity 7216K, committed 7296K, reserved 1056768K
  class space    used 578K, capacity 616K, committed 640K, reserved 1048576K
Event: 28.549 GC heap after
Heap after GC invocations=23 (full 3):
 PSYoungGen      total 232960K, used 58720K [0x00000000eab00000, 0x0000000100000000, 0x0000000100000000)
  eden space 116736K, 0% used [0x00000000eab00000,0x00000000eab00000,0x00000000f1d00000)
  from space 116224K, 50% used [0x00000000f8e80000,0x00000000fc7d82d8,0x0000000100000000)
  to   space 116224K, 0% used [0x00000000f1d00000,0x00000000f1d00000,0x00000000f8e80000)
 ParOldGen       total 432128K, used 312991K [0x00000000c0000000, 0x00000000da600000, 0x00000000eab00000)
  object space 432128K, 72% used [0x00000000c0000000,0x00000000d31a7f90,0x00000000da600000)
 Metaspace       used 6150K, capacity 7216K, committed 7296K, reserved 1056768K
  class space    used 578K, capacity 616K, committed 640K, reserved 1048576K
}

